<?xml version="1.0" encoding="UTF-8"?>
<!-- Generated by org.testng.reporters.JUnitReportReporter -->
<testsuite skipped="0" hostname="DESKTOP-2P11HHG" name="co.westpac.testscripts.KiwiCal_Employed_Balance" tests="1" failures="0" timestamp="21 Aug 2017 15:06:11 GMT" time="22.493" errors="0">
  <testcase name="calculateBalanceForEmployed" time="22.493" classname="co.westpac.testscripts.KiwiCal_Employed_Balance"/>
</testsuite> <!-- co.westpac.testscripts.KiwiCal_Employed_Balance -->
