<?xml version="1.0" encoding="UTF-8"?>
<!-- Generated by org.testng.reporters.JUnitReportReporter -->
<testsuite skipped="0" hostname="DESKTOP-2P11HHG" name="co.westpac.testscripts.KiwiCal_InfoIconValidation" tests="11" failures="0" timestamp="09 Aug 2017 04:23:04 GMT" time="15.971" errors="0">
  <testcase name="navigateToCalculator" time="5.859" classname="co.westpac.testscripts.KiwiCal_InfoIconValidation"/>
  <testcase name="validateCurrentAgeInfoIcon" time="0.839" classname="co.westpac.testscripts.KiwiCal_InfoIconValidation"/>
  <testcase name="validateEmploymentStatusInfoIcon" time="0.853" classname="co.westpac.testscripts.KiwiCal_InfoIconValidation"/>
  <testcase name="validateSalaryPerYearInfoIcon" time="1.682" classname="co.westpac.testscripts.KiwiCal_InfoIconValidation"/>
  <testcase name="validateMemberContributionInfoIcon" time="0.934" classname="co.westpac.testscripts.KiwiCal_InfoIconValidation"/>
  <testcase name="validatePirInfoIcon" time="0.879" classname="co.westpac.testscripts.KiwiCal_InfoIconValidation"/>
  <testcase name="validateFindMyRateInfoIcon" time="1.229" classname="co.westpac.testscripts.KiwiCal_InfoIconValidation"/>
  <testcase name="validateKiwiSaverBalanceInfoIcon" time="0.991" classname="co.westpac.testscripts.KiwiCal_InfoIconValidation"/>
  <testcase name="validateVoluntaryContributionsInfoIcon" time="0.855" classname="co.westpac.testscripts.KiwiCal_InfoIconValidation"/>
  <testcase name="validateRiskProfileInfoIcon" time="0.897" classname="co.westpac.testscripts.KiwiCal_InfoIconValidation"/>
  <testcase name="validateSavingsGoalInfoIcon" time="0.953" classname="co.westpac.testscripts.KiwiCal_InfoIconValidation"/>
</testsuite> <!-- co.westpac.testscripts.KiwiCal_InfoIconValidation -->
