<?xml version="1.0" encoding="UTF-8"?>
<!-- Generated by org.testng.reporters.JUnitReportReporter -->
<testsuite skipped="0" hostname="DESKTOP-2P11HHG" name="co.westpac.testscripts.KiwiCal_NotEmployed_Balance" tests="1" failures="0" timestamp="08 Aug 2017 21:12:09 GMT" time="15.500" errors="0">
  <testcase name="calculateBalanceForNotEmployed" time="15.500" classname="co.westpac.testscripts.KiwiCal_NotEmployed_Balance"/>
</testsuite> <!-- co.westpac.testscripts.KiwiCal_NotEmployed_Balance -->
