<?xml version="1.0" encoding="UTF-8"?>
<!-- Generated by org.testng.reporters.JUnitReportReporter -->
<testsuite skipped="0" hostname="DESKTOP-2P11HHG" name="co.westpac.testscripts.KiwiCal_InfoIconValidation" tests="11" failures="0" timestamp="08 Aug 2017 21:12:09 GMT" time="16.648" errors="0">
  <testcase name="navigateToCalculator" time="6.979" classname="co.westpac.testscripts.KiwiCal_InfoIconValidation"/>
  <testcase name="validateCurrentAgeInfoIcon" time="0.895" classname="co.westpac.testscripts.KiwiCal_InfoIconValidation"/>
  <testcase name="validateEmploymentStatusInfoIcon" time="0.779" classname="co.westpac.testscripts.KiwiCal_InfoIconValidation"/>
  <testcase name="validateSalaryPerYearInfoIcon" time="1.573" classname="co.westpac.testscripts.KiwiCal_InfoIconValidation"/>
  <testcase name="validateMemberContributionInfoIcon" time="0.781" classname="co.westpac.testscripts.KiwiCal_InfoIconValidation"/>
  <testcase name="validatePirInfoIcon" time="1.195" classname="co.westpac.testscripts.KiwiCal_InfoIconValidation"/>
  <testcase name="validateFindMyRateInfoIcon" time="1.135" classname="co.westpac.testscripts.KiwiCal_InfoIconValidation"/>
  <testcase name="validateKiwiSaverBalanceInfoIcon" time="0.877" classname="co.westpac.testscripts.KiwiCal_InfoIconValidation"/>
  <testcase name="validateVoluntaryContributionsInfoIcon" time="0.819" classname="co.westpac.testscripts.KiwiCal_InfoIconValidation"/>
  <testcase name="validateRiskProfileInfoIcon" time="0.780" classname="co.westpac.testscripts.KiwiCal_InfoIconValidation"/>
  <testcase name="validateSavingsGoalInfoIcon" time="0.835" classname="co.westpac.testscripts.KiwiCal_InfoIconValidation"/>
</testsuite> <!-- co.westpac.testscripts.KiwiCal_InfoIconValidation -->
